<?xml version="1.0" encoding="UTF-8"?>
<!-- Generated by org.testng.reporters.JUnitReportReporter -->
<testsuite skipped="0" hostname="BDC7-D-3PY1N62" name="com.tests.TestLoginForApplicaion" tests="1" failures="0" timestamp="05 May 2017 12:19:28 GMT" time="40.823" errors="0">
  <testcase name="loginAndVerifyTitle" time="40.823" classname="com.tests.TestLoginForApplicaion"/>
</testsuite> <!-- com.tests.TestLoginForApplicaion -->
