<?xml version="1.0" encoding="UTF-8"?>
<!-- Generated by org.testng.reporters.JUnitReportReporter -->
<testsuite name="com.tests.TestNgWithPom" tests="1" time="28.745" ignored="0" failures="0" timestamp="15 Apr 2017 02:09:47 GMT" skipped="0" hostname="BDC7-L-4HKNLC2" errors="0">
  <testcase name="loginAndVerifyTitle" time="28.745" classname="com.tests.TestNgWithPom"/>
</testsuite> <!-- com.tests.TestNgWithPom -->
